# JRE version: OpenJDK Runtime Environment (8.0_242-b01) (build 1.8.0_242-release-1644-b01)
# Java VM: OpenJDK 64-Bit Server VM (25.242-b01 mixed mode windows-amd64 compressed oops)
Heap:
 PSYoungGen      total 438272K, used 147557K [0x00000000e0000000, 0x0000000100000000, 0x0000000100000000)
  eden space 347136K, 33% used [0x00000000e0000000,0x00000000e72944c8,0x00000000f5300000)
  from space 91136K, 33% used [0x00000000fa700000,0x00000000fc484fe8,0x0000000100000000)
  to   space 86016K, 0% used [0x00000000f5300000,0x00000000f5300000,0x00000000fa700000)
 ParOldGen       total 495616K, used 292551K [0x00000000a0000000, 0x00000000be400000, 0x00000000e0000000)
  object space 495616K, 59% used [0x00000000a0000000,0x00000000b1db1cd0,0x00000000be400000)
 Metaspace       used 132466K, capacity 141625K, committed 141876K, reserved 1173504K
  class space    used 16753K, capacity 18483K, committed 18520K, reserved 1048576K
GC Heap History (10 events):
Event: 7216.358 GC heap before
{Heap before GC invocations=48 (full 6):
 PSYoungGen      total 426496K, used 355024K [0x00000000e0000000, 0x00000000ffc00000, 0x0000000100000000)
  eden space 335360K, 100% used [0x00000000e0000000,0x00000000f4780000,0x00000000f4780000)
  from space 91136K, 21% used [0x00000000f4780000,0x00000000f5ab43f8,0x00000000fa080000)
  to   space 86528K, 0% used [0x00000000fa780000,0x00000000fa780000,0x00000000ffc00000)
 ParOldGen       total 495616K, used 289057K [0x00000000a0000000, 0x00000000be400000, 0x00000000e0000000)
  object space 495616K, 58% used [0x00000000a0000000,0x00000000b1a484b0,0x00000000be400000)
 Metaspace       used 124482K, capacity 131349K, committed 131508K, reserved 1163264K
  class space    used 15722K, capacity 17029K, committed 17112K, reserved 1048576K
Event: 7216.383 GC heap after
Heap after GC invocations=48 (full 6):
 PSYoungGen      total 432640K, used 45954K [0x00000000e0000000, 0x00000000ffd80000, 0x0000000100000000)
  eden space 346112K, 0% used [0x00000000e0000000,0x00000000e0000000,0x00000000f5200000)
  from space 86528K, 53% used [0x00000000fa780000,0x00000000fd4608e8,0x00000000ffc00000)
  to   space 87552K, 0% used [0x00000000f5200000,0x00000000f5200000,0x00000000fa780000)
 ParOldGen       total 495616K, used 289065K [0x00000000a0000000, 0x00000000be400000, 0x00000000e0000000)
  object space 495616K, 58% used [0x00000000a0000000,0x00000000b1a4a4b0,0x00000000be400000)
 Metaspace       used 124482K, capacity 131349K, committed 131508K, reserved 1163264K
  class space    used 15722K, capacity 17029K, committed 17112K, reserved 1048576K
}
Event: 7402.336 GC heap before
{Heap before GC invocations=49 (full 6):
 PSYoungGen      total 432640K, used 392066K [0x00000000e0000000, 0x00000000ffd80000, 0x0000000100000000)
  eden space 346112K, 100% used [0x00000000e0000000,0x00000000f5200000,0x00000000f5200000)
  from space 86528K, 53% used [0x00000000fa780000,0x00000000fd4608e8,0x00000000ffc00000)
  to   space 87552K, 0% used [0x00000000f5200000,0x00000000f5200000,0x00000000fa780000)
 ParOldGen       total 495616K, used 289065K [0x00000000a0000000, 0x00000000be400000, 0x00000000e0000000)
  object space 495616K, 58% used [0x00000000a0000000,0x00000000b1a4a4b0,0x00000000be400000)
 Metaspace       used 124694K, capacity 131655K, committed 131764K, reserved 1163264K
  class space    used 15745K, capacity 17070K, committed 17112K, reserved 1048576K
Event: 7402.355 GC heap after
Heap after GC invocations=49 (full 6):
 PSYoungGen      total 433664K, used 13868K [0x00000000e0000000, 0x00000000ffb00000, 0x0000000100000000)
  eden space 346112K, 0% used [0x00000000e0000000,0x00000000e0000000,0x00000000f5200000)
  from space 87552K, 15% used [0x00000000f5200000,0x00000000f5f8b2a8,0x00000000fa780000)
  to   space 84480K, 0% used [0x00000000fa880000,0x00000000fa880000,0x00000000ffb00000)
 ParOldGen       total 495616K, used 289073K [0x00000000a0000000, 0x00000000be400000, 0x00000000e0000000)
  object space 495616K, 58% used [0x00000000a0000000,0x00000000b1a4c4b0,0x00000000be400000)
 Metaspace       used 124694K, capacity 131655K, committed 131764K, reserved 1163264K
  class space    used 15745K, capacity 17070K, committed 17112K, reserved 1048576K
}
Event: 7437.970 GC heap before
{Heap before GC invocations=50 (full 6):
 PSYoungGen      total 433664K, used 359980K [0x00000000e0000000, 0x00000000ffb00000, 0x0000000100000000)
  eden space 346112K, 100% used [0x00000000e0000000,0x00000000f5200000,0x00000000f5200000)
  from space 87552K, 15% used [0x00000000f5200000,0x00000000f5f8b2a8,0x00000000fa780000)
  to   space 84480K, 0% used [0x00000000fa880000,0x00000000fa880000,0x00000000ffb00000)
 ParOldGen       total 495616K, used 289073K [0x00000000a0000000, 0x00000000be400000, 0x00000000e0000000)
  object space 495616K, 58% used [0x00000000a0000000,0x00000000b1a4c4b0,0x00000000be400000)
 Metaspace       used 128150K, capacity 136125K, committed 136244K, reserved 1167360K
  class space    used 16205K, capacity 17748K, committed 17752K, reserved 1048576K
Event: 7437.998 GC heap after
Heap after GC invocations=50 (full 6):
 PSYoungGen      total 434688K, used 38296K [0x00000000e0000000, 0x00000000ff900000, 0x0000000100000000)
  eden space 352256K, 0% used [0x00000000e0000000,0x00000000e0000000,0x00000000f5800000)
  from space 82432K, 46% used [0x00000000fa880000,0x00000000fcde62b0,0x00000000ff900000)
  to   space 82432K, 0% used [0x00000000f5800000,0x00000000f5800000,0x00000000fa880000)
 ParOldGen       total 495616K, used 289081K [0x00000000a0000000, 0x00000000be400000, 0x00000000e0000000)
  object space 495616K, 58% used [0x00000000a0000000,0x00000000b1a4e4b0,0x00000000be400000)
 Metaspace       used 128150K, capacity 136125K, committed 136244K, reserved 1167360K
  class space    used 16205K, capacity 17748K, committed 17752K, reserved 1048576K
}
Event: 7439.778 GC heap before
{Heap before GC invocations=51 (full 6):
 PSYoungGen      total 434688K, used 390552K [0x00000000e0000000, 0x00000000ff900000, 0x0000000100000000)
  eden space 352256K, 100% used [0x00000000e0000000,0x00000000f5800000,0x00000000f5800000)
  from space 82432K, 46% used [0x00000000fa880000,0x00000000fcde62b0,0x00000000ff900000)
  to   space 82432K, 0% used [0x00000000f5800000,0x00000000f5800000,0x00000000fa880000)
 ParOldGen       total 495616K, used 289081K [0x00000000a0000000, 0x00000000be400000, 0x00000000e0000000)
  object space 495616K, 58% used [0x00000000a0000000,0x00000000b1a4e4b0,0x00000000be400000)
 Metaspace       used 129124K, capacity 137345K, committed 137524K, reserved 1169408K
  class space    used 16318K, capacity 17888K, committed 18008K, reserved 1048576K
Event: 7439.847 GC heap after
Heap after GC invocations=51 (full 6):
 PSYoungGen      total 419328K, used 66889K [0x00000000e0000000, 0x0000000100000000, 0x0000000100000000)
  eden space 352256K, 0% used [0x00000000e0000000,0x00000000e0000000,0x00000000f5800000)
  from space 67072K, 99% used [0x00000000f5800000,0x00000000f9952618,0x00000000f9980000)
  to   space 91136K, 0% used [0x00000000fa700000,0x00000000fa700000,0x0000000100000000)
 ParOldGen       total 495616K, used 289089K [0x00000000a0000000, 0x00000000be400000, 0x00000000e0000000)
  object space 495616K, 58% used [0x00000000a0000000,0x00000000b1a504b0,0x00000000be400000)
 Metaspace       used 129124K, capacity 137345K, committed 137524K, reserved 1169408K
  class space    used 16318K, capacity 17888K, committed 18008K, reserved 1048576K
}
Event: 11151.487 GC heap before
{Heap before GC invocations=52 (full 6):
 PSYoungGen      total 419328K, used 419145K [0x00000000e0000000, 0x0000000100000000, 0x0000000100000000)
  eden space 352256K, 100% used [0x00000000e0000000,0x00000000f5800000,0x00000000f5800000)
  from space 67072K, 99% used [0x00000000f5800000,0x00000000f9952618,0x00000000f9980000)
  to   space 91136K, 0% used [0x00000000fa700000,0x00000000fa700000,0x0000000100000000)
 ParOldGen       total 495616K, used 289089K [0x00000000a0000000, 0x00000000be400000, 0x00000000e0000000)
  object space 495616K, 58% used [0x00000000a0000000,0x00000000b1a504b0,0x00000000be400000)
 Metaspace       used 129890K, capacity 138379K, committed 138676K, reserved 1169408K
  class space    used 16407K, capacity 18019K, committed 18136K, reserved 1048576K
Event: 11151.525 GC heap after
Heap after GC invocations=52 (full 6):
 PSYoungGen      total 438272K, used 30227K [0x00000000e0000000, 0x0000000100000000, 0x0000000100000000)
  eden space 347136K, 0% used [0x00000000e0000000,0x00000000e0000000,0x00000000f5300000)
  from space 91136K, 33% used [0x00000000fa700000,0x00000000fc484fe8,0x0000000100000000)
  to   space 86016K, 0% used [0x00000000f5300000,0x00000000f5300000,0x00000000fa700000)
 ParOldGen       total 495616K, used 292551K [0x00000000a0000000, 0x00000000be400000, 0x00000000e0000000)
  object space 495616K, 59% used [0x00000000a0000000,0x00000000b1db1cd0,0x00000000be400000)
 Metaspace       used 129890K, capacity 138379K, committed 138676K, reserved 1169408K
  class space    used 16407K, capacity 18019K, committed 18136K, reserved 1048576K
}

